d:\צחי ספורטה\desktop\להגשה\snake\snake\debug\vc141.pdb
d:\צחי ספורטה\desktop\להגשה\snake\snake\debug\vc141.idb
d:\צחי ספורטה\desktop\להגשה\snake\snake\debug\monkeymesh.obj
d:\צחי ספורטה\desktop\להגשה\snake\snake\debug\mesh.obj
d:\צחי ספורטה\desktop\להגשה\snake\snake\debug\main.obj
d:\צחי ספורטה\desktop\להגשה\snake\snake\debug\link.obj
d:\צחי ספורטה\desktop\להגשה\snake\snake\debug\kdtree.obj
d:\צחי ספורטה\desktop\להגשה\snake\snake\debug\infosnake.obj
d:\צחי ספורטה\desktop\להגשה\snake\snake\debug\infomonkey.obj
d:\צחי ספורטה\desktop\להגשה\snake\snake\debug\infocave.obj
d:\צחי ספורטה\desktop\להגשה\snake\snake\debug\infobox.obj
d:\צחי ספורטה\desktop\להגשה\snake\snake\debug\display.obj
d:\צחי ספורטה\desktop\להגשה\snake\snake\debug\cylinderindexedmodel.obj
d:\צחי ספורטה\desktop\להגשה\snake\snake\debug\collisiondetection.obj
d:\צחי ספורטה\desktop\להגשה\snake\snake\debug\caveshader.obj
d:\צחי ספורטה\desktop\להגשה\snake\snake\debug\cavemesh.obj
d:\צחי ספורטה\desktop\להגשה\snake\snake\debug\bbox.obj
d:\צחי ספורטה\desktop\להגשה\snake\snake\debug\cave.obj
d:\צחי ספורטה\desktop\להגשה\snake\snake\debug\cameras.obj
d:\צחי ספורטה\desktop\להגשה\snake\snake\debug\boxshader.obj
d:\צחי ספורטה\desktop\להגשה\snake\snake\debug\boxmesh.obj
d:\צחי ספורטה\desktop\להגשה\snake\snake\debug\box.obj
d:\צחי ספורטה\desktop\להגשה\snake\snake\debug\texture.obj
d:\צחי ספורטה\desktop\להגשה\snake\snake\debug\snakeshader.obj
d:\צחי ספורטה\desktop\להגשה\snake\snake\debug\snake.obj
d:\צחי ספורטה\desktop\להגשה\snake\snake\debug\shader.obj
d:\צחי ספורטה\desktop\להגשה\snake\snake\debug\scene.obj
d:\צחי ספורטה\desktop\להגשה\snake\snake\debug\random.obj
d:\צחי ספורטה\desktop\להגשה\snake\snake\debug\pickingshader.obj
d:\צחי ספורטה\desktop\להגשה\snake\snake\debug\obj_loader_parser.obj
d:\צחי ספורטה\desktop\להגשה\snake\snake\debug\obj_loader.obj
d:\צחי ספורטה\desktop\להגשה\snake\snake\debug\monkeyshader.obj
d:\צחי ספורטה\desktop\להגשה\snake\snake\debug\monkey.obj
d:\צחי ספורטה\desktop\להגשה\snake\snake\debug\snakemesh.obj
d:\צחי ספורטה\desktop\להגשה\snake\snake\debug\stb_image.obj
d:\צחי ספורטה\desktop\להגשה\snake\debug\snake.ilk
d:\צחי ספורטה\desktop\להגשה\snake\debug\snake.exe
d:\צחי ספורטה\desktop\להגשה\snake\debug\snake.pdb
d:\צחי ספורטה\desktop\להגשה\snake\snake\debug\snake.tlog\cl.command.1.tlog
d:\צחי ספורטה\desktop\להגשה\snake\snake\debug\snake.tlog\cl.read.1.tlog
d:\צחי ספורטה\desktop\להגשה\snake\snake\debug\snake.tlog\cl.write.1.tlog
d:\צחי ספורטה\desktop\להגשה\snake\snake\debug\snake.tlog\link.command.1.tlog
d:\צחי ספורטה\desktop\להגשה\snake\snake\debug\snake.tlog\link.read.1.tlog
d:\צחי ספורטה\desktop\להגשה\snake\snake\debug\snake.tlog\link.write.1.tlog
